<?xml version="1.0" encoding="UTF-8"?>
<!-- Generated by org.testng.reporters.JUnitXMLReporter -->
<testsuite ignored="0" hostname="Sreenivas-Lukka" failures="0" tests="3" name="chromeTet" time="10.377" errors="0" timestamp="2025-05-07T10:22:51 IST">
  <testcase classname="crossbrowser.CrossBrowserTest" name="testLogo" time="0.029"/>
  <testcase classname="crossbrowser.CrossBrowserTest" name="testTitle" time="0.007"/>
  <testcase classname="crossbrowser.CrossBrowserTest" name="testURL" time="0.011"/>
</testsuite> <!-- chromeTet -->
