<?xml version="1.0" encoding="UTF-8"?>
<!-- Generated by org.testng.reporters.JUnitXMLReporter -->
<testsuite ignored="0" hostname="Sreenivas-Lukka" failures="0" tests="3" name="edgeTest" time="11.017" errors="0" timestamp="2025-05-07T10:22:52 IST">
  <testcase classname="crossbrowser.CrossBrowserTest" name="testLogo" time="0.053"/>
  <testcase classname="crossbrowser.CrossBrowserTest" name="testTitle" time="0.012"/>
  <testcase classname="crossbrowser.CrossBrowserTest" name="testURL" time="0.015"/>
</testsuite> <!-- edgeTest -->
