<?xml version="1.0" encoding="UTF-8"?>
<!-- Generated by org.testng.reporters.JUnitXMLReporter -->
<testsuite ignored="0" hostname="Sreenivas-Lukka" failures="0" tests="3" name="firefoxTest" time="19.642" errors="0" timestamp="2025-05-07T10:23:00 IST">
  <testcase classname="crossbrowser.CrossBrowserTest" name="testLogo" time="0.036"/>
  <testcase classname="crossbrowser.CrossBrowserTest" name="testTitle" time="0.004"/>
  <testcase classname="crossbrowser.CrossBrowserTest" name="testURL" time="0.005"/>
</testsuite> <!-- firefoxTest -->
