<?xml version="1.0" encoding="UTF-8"?>
<!-- Generated by org.testng.reporters.JUnitXMLReporter -->
<testsuite ignored="0" hostname="Sreenivas-Lukka" failures="0" tests="7" name="Test2" time="7.112" errors="0" timestamp="2025-05-05T08:46:46 IST">
  <testcase classname="testng.OrangeHrms" name="openapp" time="3.704"/>
  <testcase classname="testng.OrangeHrms" name="testLogo" time="3.043"/>
  <testcase classname="testng.OrangeHrms" name="testLogin" time="0.157"/>
  <testcase classname="testng.OrangeHrms" name="closeApp" time="0.184"/>
  <testcase classname="testng.FirstTestCase" name="logout" time="0.003"/>
  <testcase classname="testng.FirstTestCase" name="login" time="0.002"/>
  <testcase classname="testng.FirstTestCase" name="openapp" time="0.002"/>
</testsuite> <!-- Test2 -->
