<?xml version="1.0" encoding="UTF-8"?>
<testng-results ignored="0" total="1" passed="1" failed="0" skipped="0">
  <reporter-output>
  </reporter-output>
  <suite started-at="2025-05-09T10:39:16 IST" name="Default suite" finished-at="2025-05-09T10:39:22 IST" duration-ms="5591">
    <groups>
    </groups>
    <test started-at="2025-05-09T10:39:16 IST" name="Default test" finished-at="2025-05-09T10:39:22 IST" duration-ms="5591">
      <class name="pom.LoginTest">
        <test-method is-config="true" signature="setup()[pri:0, instance:pom.LoginTest@1c5920df]" started-at="2025-05-09T10:39:16 IST" name="setup" finished-at="2025-05-09T10:39:21 IST" duration-ms="4852" status="PASS">
          <reporter-output>
          </reporter-output>
        </test-method> <!-- setup -->
        <test-method signature="testLogin()[pri:0, instance:pom.LoginTest@1c5920df]" started-at="2025-05-09T10:39:21 IST" name="testLogin" finished-at="2025-05-09T10:39:21 IST" duration-ms="541" status="PASS">
          <reporter-output>
          </reporter-output>
        </test-method> <!-- testLogin -->
        <test-method is-config="true" signature="tearDown()[pri:0, instance:pom.LoginTest@1c5920df]" started-at="2025-05-09T10:39:21 IST" name="tearDown" finished-at="2025-05-09T10:39:22 IST" duration-ms="156" status="PASS">
          <reporter-output>
          </reporter-output>
        </test-method> <!-- tearDown -->
      </class> <!-- pom.LoginTest -->
    </test> <!-- Default test -->
  </suite> <!-- Default suite -->
</testng-results>
